#At time	x	process	y	state	arr	w	total	z	remain	y	wait	k
#At time	2	process	1	started	arr	2	total	10	remain	10	wait	0
#At time	4	process	1	stopped	arr	2	total	10	remain	8	wait	0
#At time	5	process	2	started	arr	5	total	4	remain	4	wait	0
#At time	7	process	2	stopped	arr	5	total	4	remain	2	wait	0
#At time	7	process	1	resumed	arr	2	total	10	remain	8	wait	3
#At time	9	process	1	stopped	arr	2	total	10	remain	6	wait	3
#At time	10	process	3	started	arr	7	total	3	remain	3	wait	3
#At time	12	process	3	stopped	arr	7	total	3	remain	1	wait	3
#At time	13	process	2	resumed	arr	5	total	4	remain	2	wait	6
#At time	13	process	2	finished	arr	5	total	4	remain	0	wait	4	TA	8	WTA	2.00
#At time	14	process	1	resumed	arr	2	total	10	remain	6	wait	8
#At time	16	process	1	stopped	arr	2	total	10	remain	4	wait	8
#At time	17	process	3	resumed	arr	7	total	3	remain	1	wait	8
#At time	17	process	3	finished	arr	7	total	3	remain	0	wait	4	TA	7	WTA	2.00
#At time	18	process	4	started	arr	17	total	20	remain	20	wait	1
#At time	20	process	4	stopped	arr	17	total	20	remain	18	wait	1
#At time	21	process	1	resumed	arr	2	total	10	remain	4	wait	13
#At time	23	process	1	stopped	arr	2	total	10	remain	2	wait	13
#At time	24	process	4	resumed	arr	17	total	20	remain	18	wait	5
#At time	26	process	4	stopped	arr	17	total	20	remain	16	wait	5
#At time	27	process	1	resumed	arr	2	total	10	remain	2	wait	17
#At time	27	process	1	finished	arr	2	total	10	remain	0	wait	15	TA	25	WTA	2.00
#At time	28	process	4	resumed	arr	17	total	20	remain	16	wait	7
#At time	30	process	4	stopped	arr	17	total	20	remain	14	wait	7
#At time	30	process	4	resumed	arr	17	total	20	remain	14	wait	7
#At time	32	process	4	stopped	arr	17	total	20	remain	12	wait	7
#At time	33	process	4	resumed	arr	17	total	20	remain	12	wait	8
#At time	36	process	4	stopped	arr	17	total	20	remain	10	wait	8
#At time	37	process	4	resumed	arr	17	total	20	remain	10	wait	10
#At time	39	process	4	stopped	arr	17	total	20	remain	8	wait	10
#At time	40	process	4	resumed	arr	17	total	20	remain	8	wait	11
#At time	42	process	4	stopped	arr	17	total	20	remain	6	wait	11
#At time	43	process	4	resumed	arr	17	total	20	remain	6	wait	12
#At time	45	process	4	stopped	arr	17	total	20	remain	4	wait	12
#At time	46	process	4	resumed	arr	17	total	20	remain	4	wait	13
#At time	48	process	4	stopped	arr	17	total	20	remain	2	wait	13
#At time	49	process	4	resumed	arr	17	total	20	remain	2	wait	14
#At time	49	process	4	finished	arr	17	total	20	remain	0	wait	11	TA	31	WTA	1.00
